2025-11-17T03:33:40 exception: Failed to open "/home/fank/.mpd/mpdstate": No such file or directory
[src/libmpg123/id3.c:INT123_parse_new_id3():950] warning: ID3v2: unrealistic small tag lengh 0, skipping
2025-11-17T03:33:40 update: added YUI/YUI - My Generation.mp3
2025-11-17T03:33:40 update: added YUI/YUI - Just My Way.MP3
2025-11-17T03:33:40 update: added YUI/YUI - Blue Wind.mp3
[src/libmpg123/id3.c:INT123_parse_new_id3():950] warning: ID3v2: unrealistic small tag lengh 0, skipping
2025-11-17T03:33:40 update: added YUI/YUI - It`s My Life.mp3
[src/libmpg123/id3.c:INT123_parse_new_id3():950] warning: ID3v2: unrealistic small tag lengh 0, skipping
2025-11-17T03:33:40 update: added YUI/YUI - Rolling Star.mp3
[src/libmpg123/id3.c:INT123_parse_new_id3():950] warning: ID3v2: unrealistic small tag lengh 0, skipping
2025-11-17T03:33:40 update: added YUI/YUI - Please Stay With Me.mp3
2025-11-17T03:33:40 update: added YUI/YUI - Why.mp3
[src/libmpg123/id3.c:INT123_parse_new_id3():950] warning: ID3v2: unrealistic small tag lengh 0, skipping
2025-11-17T03:33:40 update: added YUI/YUI - I`ll Be.mp3
[src/libmpg123/id3.c:INT123_parse_new_id3():950] warning: ID3v2: unrealistic small tag lengh 0, skipping
2025-11-17T03:33:40 update: added YUI/YUI - Goodbye Days.mp3
2025-11-17T03:33:40 update: added YUI/YUI - Merry Go Round.MP3
[src/libmpg123/id3.c:INT123_parse_new_id3():950] warning: ID3v2: unrealistic small tag lengh 0, skipping
2025-11-17T03:33:40 update: added YUI/YUI - It`s All Too Much.mp3
[src/libmpg123/id3.c:INT123_parse_new_id3():950] warning: ID3v2: unrealistic small tag lengh 0, skipping
2025-11-17T03:33:40 update: added YUI/YUI - You.mp3
[src/libmpg123/id3.c:INT123_parse_new_id3():950] warning: ID3v2: unrealistic small tag lengh 0, skipping
2025-11-17T03:33:40 update: added YUI/YUI - Hellow.mp3
2025-11-17T03:33:40 update: added YUI/YUI - How Crazy.MP3
[src/libmpg123/id3.c:INT123_parse_new_id3():950] warning: ID3v2: unrealistic small tag lengh 0, skipping
2025-11-17T03:33:40 update: added YUI/YUI - Namidairo.mp3
[src/libmpg123/id3.c:INT123_parse_new_id3():950] warning: ID3v2: unrealistic small tag lengh 0, skipping
2025-11-17T03:33:40 update: added YUI/YUI - I Remember You.mp3
[src/libmpg123/id3.c:INT123_parse_new_id3():950] warning: ID3v2: unrealistic small tag lengh 0, skipping
2025-11-17T03:33:40 update: added YUI/YUI - Green Alive.mp3
[src/libmpg123/id3.c:INT123_parse_new_id3():950] warning: ID3v2: unrealistic small tag lengh 0, skipping
2025-11-17T03:33:40 update: added YUI/YUI - Sea.mp3
[src/libmpg123/id3.c:INT123_parse_new_id3():950] warning: ID3v2: unrealistic small tag lengh 0, skipping
2025-11-17T03:33:40 update: added YUI/YUI - Fight.mp3
[src/libmpg123/id3.c:INT123_parse_new_id3():950] warning: ID3v2: unrealistic small tag lengh 0, skipping
2025-11-17T03:33:40 update: added YUI/YUI - Again.mp3
[src/libmpg123/id3.c:INT123_parse_new_id3():950] warning: ID3v2: unrealistic small tag lengh 0, skipping
2025-11-17T03:33:40 update: added YUI/YUI - Understand.mp3
[src/libmpg123/id3.c:INT123_parse_new_id3():950] warning: ID3v2: unrealistic small tag lengh 0, skipping
2025-11-17T03:33:40 update: added YUI/YUI - Never Say Die.mp3
2025-11-17T03:33:40 update: added YUI/YUI - Help.MP3
[src/libmpg123/id3.c:INT123_parse_new_id3():950] warning: ID3v2: unrealistic small tag lengh 0, skipping
2025-11-17T03:33:40 update: added YUI/YUI - It`s Happy Line.mp3
[src/libmpg123/id3.c:INT123_parse_new_id3():950] warning: ID3v2: unrealistic small tag lengh 0, skipping
2025-11-17T03:33:40 update: added YUI/YUI - Laugh Away.mp3
[src/libmpg123/id3.c:INT123_parse_new_id3():950] warning: ID3v2: unrealistic small tag lengh 0, skipping
2025-11-17T03:33:40 update: added YUI/YUI - Cherry.mp3
[src/libmpg123/id3.c:INT123_parse_new_id3():950] warning: ID3v2: unrealistic small tag lengh 0, skipping
2025-11-17T03:33:40 update: added YUI/YUI - Love And Truth.mp3
[src/libmpg123/id3.c:INT123_parse_new_id3():950] warning: ID3v2: unrealistic small tag lengh 0, skipping
2025-11-17T03:33:40 update: added YUI/YUI - Your Heaven.mp3
[src/libmpg123/id3.c:INT123_parse_new_id3():950] warning: ID3v2: unrealistic small tag lengh 0, skipping
2025-11-17T03:33:40 update: added YUI/YUI - Tokyo.mp3
[src/libmpg123/id3.c:INT123_parse_new_id3():950] warning: ID3v2: unrealistic small tag lengh 0, skipping
2025-11-17T03:33:40 update: added YUI/YUI - Jam.mp3
2025-11-17T03:33:40 update: added YUI/YUI - Last Train.MP3
[src/libmpg123/id3.c:INT123_parse_new_id3():950] warning: ID3v2: unrealistic small tag lengh 0, skipping
2025-11-17T03:33:40 update: added YUI/YUI - Lock On.mp3
[src/libmpg123/id3.c:INT123_parse_new_id3():950] warning: ID3v2: unrealistic small tag lengh 0, skipping
2025-11-17T03:33:40 update: added YUI/YUI - Gloria.mp3
[src/libmpg123/id3.c:INT123_parse_new_id3():950] warning: ID3v2: unrealistic small tag lengh 0, skipping
2025-11-17T03:33:40 update: added YUI/YUI - Life.mp3
[src/libmpg123/id3.c:INT123_parse_new_id3():950] warning: ID3v2: unrealistic small tag lengh 0, skipping
2025-11-17T03:33:40 update: added YUI/YUI - Summer Song.mp3
[src/libmpg123/id3.c:INT123_parse_new_id3():950] warning: ID3v2: unrealistic small tag lengh 0, skipping
2025-11-17T03:33:40 update: added YUI/YUI - To Mother.mp3
[src/libmpg123/id3.c:INT123_parse_new_id3():950] warning: ID3v2: unrealistic small tag lengh 0, skipping
2025-11-17T03:33:40 update: added YUI/YUI - Rain.mp3
[src/libmpg123/id3.c:INT123_parse_new_id3():950] warning: ID3v2: unrealistic small tag lengh 0, skipping
2025-11-17T03:33:40 update: added YUI/YUI - Tomorrow`s Way.mp3
2025-11-17T03:42:18 player: played "YUI/YUI - Blue Wind.mp3"
2025-11-17T03:42:20 player: played "YUI/YUI - Help.MP3"
2025-11-17T03:53:42 player: played "YUI/YUI - Blue Wind.mp3"
[src/libmpg123/id3.c:INT123_parse_new_id3():950] warning: ID3v2: unrealistic small tag lengh 0, skipping
2025-11-17T03:57:16 player: played "YUI/YUI - Help.MP3"
[src/libmpg123/id3.c:INT123_parse_new_id3():950] warning: ID3v2: unrealistic small tag lengh 0, skipping
2025-11-17T04:01:54 player: played "YUI/YUI - Green Alive.mp3"
2025-11-17T04:06:01 player: played "YUI/YUI - I Remember You.mp3"
2025-11-17T09:35:04 player: played "YUI/YUI - Blue Wind.mp3"
2025-11-17T09:39:29 player: played "YUI/YUI - Blue Wind.mp3"
2025-11-17T10:42:55 player: played "YUI/YUI - Blue Wind.mp3"
[src/libmpg123/id3.c:INT123_parse_new_id3():950] warning: ID3v2: unrealistic small tag lengh 0, skipping
2025-11-17T10:46:29 player: played "YUI/YUI - Help.MP3"
[src/libmpg123/id3.c:INT123_parse_new_id3():950] warning: ID3v2: unrealistic small tag lengh 0, skipping
2025-11-17T10:51:07 player: played "YUI/YUI - Green Alive.mp3"
2025-11-17T10:55:14 player: played "YUI/YUI - I Remember You.mp3"
2025-11-17T11:28:30 player: played "YUI/YUI - Blue Wind.mp3"
[src/libmpg123/id3.c:INT123_parse_new_id3():950] warning: ID3v2: unrealistic small tag lengh 0, skipping
2025-11-17T11:32:04 player: played "YUI/YUI - Help.MP3"
[src/libmpg123/id3.c:INT123_parse_new_id3():950] warning: ID3v2: unrealistic small tag lengh 0, skipping
2025-11-17T11:36:43 player: played "YUI/YUI - Green Alive.mp3"
2025-11-17T11:40:49 player: played "YUI/YUI - I Remember You.mp3"
